<?xml version="1.0" encoding="UTF-8"?>
<testsuite xmlns:xsi="http://www.w3.org/2001/XMLSchema-instance" xsi:schemaLocation="https://maven.apache.org/surefire/maven-surefire-plugin/xsd/surefire-test-report.xsd" name="TestSuite" time="97.376" tests="2" errors="0" skipped="0" failures="2">
  <properties>
[...]
</properties>
  <testcase name="feature" classname="runner.MyTestRunner" time="57.627">
    <failure message="cucumber.runtime.AmbiguousStepDefinitionsException: ✽.And Click on &quot;Create&quot;(ContentCreationIqtisadBulletin.feature:15) matches more than one step definition:&#10;  Click  in UserManagement.click(String)&#10;  Click on &quot;([^&quot;]*)&quot; in ContentCreation.clickOn(String)&#10;" type="cucumber.runtime.CucumberException">cucumber.runtime.CucumberException: 
cucumber.runtime.AmbiguousStepDefinitionsException: ✽.And Click on "Create"(ContentCreationIqtisadBulletin.feature:15) matches more than one step definition:
  Click  in UserManagement.click(String)
  Click on "([^"]*)" in ContentCreation.clickOn(String)

Caused by: cucumber.runtime.AmbiguousStepDefinitionsException: 
✽.And Click on "Create"(ContentCreationIqtisadBulletin.feature:15) matches more than one step definition:
  Click  in UserManagement.click(String)
  Click on "([^"]*)" in ContentCreation.clickOn(String)

</failure>
    <system-out><![CDATA[CHROME
	LOG-: [

+===========================================================================================================+ -  2023-05-30 14:08:29 PM] 
- 

+===========================================================================================================+
- 

+===========================================================================================================+
	LOG-: [ Suite started at Tue May 30 14:08:29 IST 2023 -  2023-05-30 14:08:29 PM] 
-  Suite started at Tue May 30 14:08:29 IST 2023
-  Suite started at Tue May 30 14:08:29 IST 2023
	LOG-: [Suite Execution For Web application on environment : Local -  2023-05-30 14:08:29 PM] 
- Suite Execution For Web application on environment : Local
- Suite Execution For Web application on environment : Local
	LOG-: [Suite Execution For Android mobile application on version: 10.0 -  2023-05-30 14:08:29 PM] 
- Suite Execution For Android mobile application on version: 10.0
- Suite Execution For Android mobile application on version: 10.0
	LOG-: [Suite Execution For RestAPI on URL: https://gorest.co.in/public-api/users -  2023-05-30 14:08:29 PM] 
- Suite Execution For RestAPI on URL: https://gorest.co.in/public-api/users
- Suite Execution For RestAPI on URL: https://gorest.co.in/public-api/users
	LOG-: [

+===========================================================================================================+ -  2023-05-30 14:08:29 PM] 
- 

+===========================================================================================================+
- 

+===========================================================================================================+
@ContentCreationIqtisadBulletin @CMS
Feature: Content Creation - Iqtisad Bulletin
	LOG-: [
+----------------------------------------------------------------------------------------------------------------------------+ -  2023-05-30 14:08:30 PM] 
- 
+----------------------------------------------------------------------------------------------------------------------------+
- 
+----------------------------------------------------------------------------------------------------------------------------+
	LOG-: [Test Started: CMS017 Create Iqtisad Bulletin content by dragging video asset -  2023-05-30 14:08:30 PM] 
- Test Started: CMS017 Create Iqtisad Bulletin content by dragging video asset
- Test Started: CMS017 Create Iqtisad Bulletin content by dragging video asset
	LOG-: [Test is executed in Environment: Local -  2023-05-30 14:08:30 PM] 
- Test is executed in Environment: Local
- Test is executed in Environment: Local
	LOG-: [Test is started with browser: CHROME -  2023-05-30 14:08:30 PM] 
- Test is started with browser: CHROME
- Test is started with browser: CHROME
	LOG-: [CHROME : Browser Launched and Maximized. -  2023-05-30 14:08:32 PM] 
- CHROME : Browser Launched and Maximized.
- CHROME : Browser Launched and Maximized.
	LOG-: [User is navigated to URL: https://uatcms.webdev.skynewsarabia.com/publisher/login -  2023-05-30 14:08:32 PM] 
- User is navigated to URL: https://uatcms.webdev.skynewsarabia.com/publisher/login
- User is navigated to URL: https://uatcms.webdev.skynewsarabia.com/publisher/login
Sky News Arabia login
	LOG-: [Input Text: sysadmin - By.xpath: //input[@id='username'] -  2023-05-30 14:08:38 PM] 
- Input Text: sysadmin - By.xpath: //input[@id='username']
- Input Text: sysadmin - By.xpath: //input[@id='username']
	LOG-: [Input Text: F00bar - By.xpath: //input[@id='password'] -  2023-05-30 14:08:38 PM] 
- Input Text: F00bar - By.xpath: //input[@id='password']
- Input Text: F00bar - By.xpath: //input[@id='password']
ExecutionReports\Screenshots\ScreenShot_1685435918696.png
	LOG-: [Click: By.xpath: //input[@id='login.submit'] -  2023-05-30 14:08:40 PM] 
- Click: By.xpath: //input[@id='login.submit']
- Click: By.xpath: //input[@id='login.submit']
	LOG-: [Click: By.xpath: //a[text()='Iqtisad Bulletin'] -  2023-05-30 14:08:50 PM] 
- Click: By.xpath: //a[text()='Iqtisad Bulletin']
- Click: By.xpath: //a[text()='Iqtisad Bulletin']
{TopicSearch=, TestData=Testdata_CMS017, AuthorName=, ImageSetSource=, Exclusive=, Label=, CustomHTMLTitle=, QuotedBy=, QuoteName=, SendToTwitterCheckBox=, DigitalMetaDescription=, VideoHeadline=, DigitalName=, VideoMetaDescription=, SocialVideoDefaultSection=, IqtisadBulletinTopic=????? ???????, ImageSetName=, AllowAdvertising=, DesktopAsset=, DigitalTag=, SocialVideoAuthorName=, VideoAssetContentType=, Headline=, QuoteTags=, DefaultSelection=, SocialVideoHeadline=, IqtisadBulletinAuthorName=AuthorName, VideoAuthorName=, Tags=, DigitalLocation=, PromotionalCustomHTMLName=, ShorthandDefaultSection=, AudioAssetDescription=, SocialVideoDescription=, DigitalDefaultSection=, ShorthandHeadline=, ArticleName=, QuoteDescription=, SocialVideoContentType=, IqtisadBulletinName=, StandOut=, AudioAssetHeadline=, SocialVideoMetaDescription=, DigitalDescription=, VideoLocation=, IqtisadBulletinDescription=Description, PinForTopic=, MobileAsset=, InstantArticle=, IqtisadBulletinLocation=Dubai, IqtisadBulletinTag=test, EnableMediaPrev=, IqtisadBulletinHeadline=headline, StaticAssetTag=, IqtisadBulletinSocialHeadline=socialheadline, VideoTopic=, Breaking=, VideoDefaultSection=, VideoDescription=, StaticAssetDescription=, MetaDescription=, VideoAssetHeadline=, Body=, SubTitle=, AllowSharing=, Path=, DigitalAuthorName=, SocialVideoTopic=, SocialHeadLine=, BodyKeyword=, ImageSetCaption=, DigitalHeadline=, IqtisadBulletinMetaDescription=metaDescription, DigitalTopic=, SocialVideoSocialHeadline=, BreakingNewsDescription=, customHTMLName=, VideoSocialHeadline=, VideoTags=, ShorthandLink=, customHTMLFreeText=, VideoAssetDescription=, Summary=, SocialVideoTags=, customHTMLTags=, DigitalSocialMediaPlatform=, DigitalSocialHeadline=, StaticAssetName=, SocialVideoLocation=, Location=}
	LOG-: [Input Text: test - By.id: tagSuggestions -  2023-05-30 14:08:52 PM] 
- Input Text: test - By.id: tagSuggestions
- Input Text: test - By.id: tagSuggestions
	LOG-: [Click: By.xpath: //ul[@id='tagSuggestionList']/li[1] -  2023-05-30 14:08:53 PM] 
- Click: By.xpath: //ul[@id='tagSuggestionList']/li[1]
- Click: By.xpath: //ul[@id='tagSuggestionList']/li[1]
	LOG-: [Click : By.id: trends -  2023-05-30 14:08:53 PM] 
- Click : By.id: trends
- Click : By.id: trends
	LOG-: [Click: By.xpath: //label[text()='Topics']/following-sibling::div/button[text()='Search'] -  2023-05-30 14:08:53 PM] 
- Click: By.xpath: //label[text()='Topics']/following-sibling::div/button[text()='Search']
- Click: By.xpath: //label[text()='Topics']/following-sibling::div/button[text()='Search']
	LOG-: [Input Text: ????? ??????? - By.xpath: //div[@id='topicFilterDiv']/input -  2023-05-30 14:08:56 PM] 
- Input Text: ????? ??????? - By.xpath: //div[@id='topicFilterDiv']/input
- Input Text: ????? ??????? - By.xpath: //div[@id='topicFilterDiv']/input
	LOG-: [Click: By.xpath: //a[text()='????? ???????'] -  2023-05-30 14:08:56 PM] 
- Click: By.xpath: //a[text()='????? ???????']
- Click: By.xpath: //a[text()='????? ???????']
	LOG-: [Click: By.xpath: //div[@id='topicFilterDiv']//button[text()='Close'] -  2023-05-30 14:08:56 PM] 
- Click: By.xpath: //div[@id='topicFilterDiv']//button[text()='Close']
- Click: By.xpath: //div[@id='topicFilterDiv']//button[text()='Close']
	LOG-: [Input Text: headline - By.id: headline -  2023-05-30 14:08:56 PM] 
- Input Text: headline - By.id: headline
- Input Text: headline - By.id: headline
	LOG-: [Input Text: socialheadline - By.id: socialHeadline -  2023-05-30 14:08:56 PM] 
- Input Text: socialheadline - By.id: socialHeadline
- Input Text: socialheadline - By.id: socialHeadline
	LOG-: [Input Text: Description - By.id: summary -  2023-05-30 14:08:56 PM] 
- Input Text: Description - By.id: summary
- Input Text: Description - By.id: summary
ExecutionReports\Screenshots\ScreenShot_1685435936994.png
	LOG-: [Input Text: metaDescription - By.id: metaDescription -  2023-05-30 14:08:59 PM] 
- Input Text: metaDescription - By.id: metaDescription
- Input Text: metaDescription - By.id: metaDescription
	LOG-: [Input Text: AuthorName - By.id: contentAuthor -  2023-05-30 14:08:59 PM] 
- Input Text: AuthorName - By.id: contentAuthor
- Input Text: AuthorName - By.id: contentAuthor
	LOG-: [Input Text: Dubai - By.xpath: //div[@class='ac_placeholder']//input[@type='text'] -  2023-05-30 14:09:02 PM] 
- Input Text: Dubai - By.xpath: //div[@class='ac_placeholder']//input[@type='text']
- Input Text: Dubai - By.xpath: //div[@class='ac_placeholder']//input[@type='text']
ExecutionReports\Screenshots\ScreenShot_1685435944049.png
	LOG-: [Click : By.id: trends -  2023-05-30 14:09:06 PM] 
- Click : By.id: trends
- Click : By.id: trends
ExecutionReports\Screenshots\ScreenShot_1685435946793.png
	LOG-: [Click : By.id: trends -  2023-05-30 14:09:09 PM] 
- Click : By.id: trends
- Click : By.id: trends
GHJ
	LOG-: [Click: By.xpath: //a[text()='Search'] -  2023-05-30 14:09:09 PM] 
- Click: By.xpath: //a[text()='Search']
- Click: By.xpath: //a[text()='Search']
	LOG-: [Click: By.xpath: //a[text()='Advanced']/../..//input[@value='Reset'] -  2023-05-30 14:09:09 PM] 
- Click: By.xpath: //a[text()='Advanced']/../..//input[@value='Reset']
- Click: By.xpath: //a[text()='Advanced']/../..//input[@value='Reset']
	LOG-: [Click: By.xpath: //a[text()='Advanced'] -  2023-05-30 14:09:09 PM] 
- Click: By.xpath: //a[text()='Advanced']
- Click: By.xpath: //a[text()='Advanced']
	LOG-: [Click: By.xpath: //label[text()='Image Set']/preceding-sibling::input -  2023-05-30 14:09:09 PM] 
- Click: By.xpath: //label[text()='Image Set']/preceding-sibling::input
- Click: By.xpath: //label[text()='Image Set']/preceding-sibling::input
	LOG-: [Click: By.xpath: //label[text()='Published']/preceding-sibling::input -  2023-05-30 14:09:10 PM] 
- Click: By.xpath: //label[text()='Published']/preceding-sibling::input
- Click: By.xpath: //label[text()='Published']/preceding-sibling::input
	LOG-: [Click: By.xpath: //a[text()='Advanced']/../..//input[@value='Search'] -  2023-05-30 14:09:10 PM] 
- Click: By.xpath: //a[text()='Advanced']/../..//input[@value='Search']
- Click: By.xpath: //a[text()='Advanced']/../..//input[@value='Search']
ExecutionReports\Screenshots\ScreenShot_1685435952145.png
ExecutionReports\Screenshots\ScreenShot_1685435954797.png
	LOG-: [Click: By.xpath: //a[text()='Advanced']/../..//input[@value='Search'] -  2023-05-30 14:09:17 PM] 
- Click: By.xpath: //a[text()='Advanced']/../..//input[@value='Search']
- Click: By.xpath: //a[text()='Advanced']/../..//input[@value='Search']
GHJactive
	LOG-: [Click: By.xpath: //a[text()='Advanced']/../..//input[@value='Reset'] -  2023-05-30 14:09:17 PM] 
- Click: By.xpath: //a[text()='Advanced']/../..//input[@value='Reset']
- Click: By.xpath: //a[text()='Advanced']/../..//input[@value='Reset']
	LOG-: [Click: By.xpath: //a[text()='Advanced'] -  2023-05-30 14:09:17 PM] 
- Click: By.xpath: //a[text()='Advanced']
- Click: By.xpath: //a[text()='Advanced']
	LOG-: [Click: By.xpath: //label[text()='Video Asset']/preceding-sibling::input -  2023-05-30 14:09:17 PM] 
- Click: By.xpath: //label[text()='Video Asset']/preceding-sibling::input
- Click: By.xpath: //label[text()='Video Asset']/preceding-sibling::input
	LOG-: [Click: By.xpath: //label[text()='Published']/preceding-sibling::input -  2023-05-30 14:09:17 PM] 
- Click: By.xpath: //label[text()='Published']/preceding-sibling::input
- Click: By.xpath: //label[text()='Published']/preceding-sibling::input
	LOG-: [Click: By.xpath: //a[text()='Advanced']/../..//input[@value='Search'] -  2023-05-30 14:09:17 PM] 
- Click: By.xpath: //a[text()='Advanced']/../..//input[@value='Search']
- Click: By.xpath: //a[text()='Advanced']/../..//input[@value='Search']
ExecutionReports\Screenshots\ScreenShot_1685435959698.png
ExecutionReports\Screenshots\ScreenShot_1685435962383.png
ExecutionReports\FailedScreenshots\ScreenShot_1685435964570.png

  @CMS017 @ContentCreationIqtisadBulletin @P1 @Web
  Scenario: CMS017 Create Iqtisad Bulletin content by dragging video asset # ContentCreationIqtisadBulletin.feature:5
    Given Launch "CMS" website                                             # Login.navigateToURL(String)
    When Login with "CMS" username and password                            # Login.loginWith(String)
    And Navigate to "Create" > "Iqtisad Bulletin"                          # Navigation.loginWith(String,String)
    And Create Iqtisad Bulletin using "Testdata_CMS017"                    # ContentCreation.createIqtisadBulletinUsing(String)
    And Drag 1 "Twitter Trends" and drop at "Twitter Trends"               # ContentCreation.dragAndDropAt(int,String,String)
    And Search "Published" "Image Set"                                     # ContentCreation.search(String,String)
    And Drag 1 "Image Set" and drop at "Image"                             # ContentCreation.dragAndDropAt(int,String,String)
    And Search "Published" "Video Asset"                                   # ContentCreation.search(String,String)
    And Drag 1 "Video Asset" and drop at "Video Asset"                     # ContentCreation.dragAndDropAt(int,String,String)
    And Click on "Create"                                                  # UserManagement.click(String)
      cucumber.runtime.AmbiguousStepDefinitionsException: ?.And Click on "Create"(ContentCreationIqtisadBulletin.feature:15) matches more than one step definition:
        Click  in UserManagement.click(String)
        Click on "([^"]*)" in ContentCreation.clickOn(String)
      
      	at cucumber.runtime.RuntimeGlue.stepDefinitionMatch(RuntimeGlue.java:71)
      	at cucumber.runtime.Runtime.runStep(Runtime.java:267)
      	at cucumber.runtime.model.StepContainer.runStep(StepContainer.java:44)
      	at cucumber.runtime.model.StepContainer.runSteps(StepContainer.java:39)
      	at cucumber.runtime.model.CucumberScenario.run(CucumberScenario.java:44)
      	at cucumber.runtime.model.CucumberFeature.run(CucumberFeature.java:165)
      	at cucumber.api.testng.TestNGCucumberRunner.runCucumber(TestNGCucumberRunner.java:63)
      	at cucumber.api.testng.AbstractTestNGCucumberTests.feature(AbstractTestNGCucumberTests.java:21)
      	at sun.reflect.NativeMethodAccessorImpl.invoke0(Native Method)
      	at sun.reflect.NativeMethodAccessorImpl.invoke(NativeMethodAccessorImpl.java:62)
      	at sun.reflect.DelegatingMethodAccessorImpl.invoke(DelegatingMethodAccessorImpl.java:43)
      	at java.lang.reflect.Method.invoke(Method.java:498)
      	at org.testng.internal.MethodInvocationHelper.invokeMethod(MethodInvocationHelper.java:134)
      	at org.testng.internal.TestInvoker.invokeMethod(TestInvoker.java:597)
      	at org.testng.internal.TestInvoker.invokeTestMethod(TestInvoker.java:173)
      	at org.testng.internal.MethodRunner.runInSequence(MethodRunner.java:46)
      	at org.testng.internal.TestInvoker$MethodInvocationAgent.invoke(TestInvoker.java:816)
      	at org.testng.internal.TestInvoker.invokeTestMethods(TestInvoker.java:146)
      	at org.testng.internal.TestMethodWorker.invokeTestMethods(TestMethodWorker.java:146)
      	at org.testng.internal.TestMethodWorker.run(TestMethodWorker.java:128)
      	at java.util.ArrayList.forEach(ArrayList.java:1257)
      	at org.testng.TestRunner.privateRun(TestRunner.java:766)
      	at org.testng.TestRunner.run(TestRunner.java:587)
      	at org.testng.SuiteRunner.runTest(SuiteRunner.java:384)
      	at org.testng.SuiteRunner.runSequentially(SuiteRunner.java:378)
      	at org.testng.SuiteRunner.privateRun(SuiteRunner.java:337)
      	at org.testng.SuiteRunner.run(SuiteRunner.java:286)
      	at org.testng.SuiteRunnerWorker.runSuite(SuiteRunnerWorker.java:53)
      	at org.testng.SuiteRunnerWorker.run(SuiteRunnerWorker.java:96)
      	at org.testng.TestNG.runSuitesSequentially(TestNG.java:1187)
      	at org.testng.TestNG.runSuitesLocally(TestNG.java:1109)
      	at org.testng.TestNG.runSuites(TestNG.java:1039)
      	at org.testng.TestNG.run(TestNG.java:1007)
      	at org.apache.maven.surefire.testng.TestNGExecutor.run(TestNGExecutor.java:281)
      	at org.apache.maven.surefire.testng.TestNGXmlTestSuite.execute(TestNGXmlTestSuite.java:75)
      	at org.apache.maven.surefire.testng.TestNGProvider.invoke(TestNGProvider.java:121)
      	at org.apache.maven.surefire.booter.ForkedBooter.invokeProviderInSameClassLoader(ForkedBooter.java:290)
      	at org.apache.maven.surefire.booter.ForkedBooter.runSuitesInProcess(ForkedBooter.java:242)
      	at org.apache.maven.surefire.booter.ForkedBooter.main(ForkedBooter.java:121)

    And Click on "Approve"                                                 # UserManagement.click(String)
      cucumber.runtime.AmbiguousStepDefinitionsException: ?.And Click on "Approve"(ContentCreationIqtisadBulletin.feature:16) matches more than one step definition:
        Click  in UserManagement.click(String)
        Click on "([^"]*)" in ContentCreation.clickOn(String)
      
      	at cucumber.runtime.RuntimeGlue.stepDefinitionMatch(RuntimeGlue.java:71)
      	at cucumber.runtime.Runtime.runStep(Runtime.java:267)
      	at cucumber.runtime.model.StepContainer.runStep(StepContainer.java:44)
      	at cucumber.runtime.model.StepContainer.runSteps(StepContainer.java:39)
      	at cucumber.runtime.model.CucumberScenario.run(CucumberScenario.java:44)
      	at cucumber.runtime.model.CucumberFeature.run(CucumberFeature.java:165)
      	at cucumber.api.testng.TestNGCucumberRunner.runCucumber(TestNGCucumberRunner.java:63)
      	at cucumber.api.testng.AbstractTestNGCucumberTests.feature(AbstractTestNGCucumberTests.java:21)
      	at sun.reflect.NativeMethodAccessorImpl.invoke0(Native Method)
      	at sun.reflect.NativeMethodAccessorImpl.invoke(NativeMethodAccessorImpl.java:62)
      	at sun.reflect.DelegatingMethodAccessorImpl.invoke(DelegatingMethodAccessorImpl.java:43)
      	at java.lang.reflect.Method.invoke(Method.java:498)
      	at org.testng.internal.MethodInvocationHelper.invokeMethod(MethodInvocationHelper.java:134)
      	at org.testng.internal.TestInvoker.invokeMethod(TestInvoker.java:597)
      	at org.testng.internal.TestInvoker.invokeTestMethod(TestInvoker.java:173)
      	at org.testng.internal.MethodRunner.runInSequence(MethodRunner.java:46)
      	at org.testng.internal.TestInvoker$MethodInvocationAgent.invoke(TestInvoker.java:816)
      	at org.testng.internal.TestInvoker.invokeTestMethods(TestInvoker.java:146)
      	at org.testng.internal.TestMethodWorker.invokeTestMethods(TestMethodWorker.java:146)
      	at org.testng.internal.TestMethodWorker.run(TestMethodWorker.java:128)
      	at java.util.ArrayList.forEach(ArrayList.java:1257)
      	at org.testng.TestRunner.privateRun(TestRunner.java:766)
      	at org.testng.TestRunner.run(TestRunner.java:587)
      	at org.testng.SuiteRunner.runTest(SuiteRunner.java:384)
      	at org.testng.SuiteRunner.runSequentially(SuiteRunner.java:378)
      	at org.testng.SuiteRunner.privateRun(SuiteRunner.java:337)
      	at org.testng.SuiteRunner.run(SuiteRunner.java:286)
      	at org.testng.SuiteRunnerWorker.runSuite(SuiteRunnerWorker.java:53)
      	at org.testng.SuiteRunnerWorker.run(SuiteRunnerWorker.java:96)
      	at org.testng.TestNG.runSuitesSequentially(TestNG.java:1187)
      	at org.testng.TestNG.runSuitesLocally(TestNG.java:1109)
      	at org.testng.TestNG.runSuites(TestNG.java:1039)
      	at org.testng.TestNG.run(TestNG.java:1007)
      	at org.apache.maven.surefire.testng.TestNGExecutor.run(TestNGExecutor.java:281)
      	at org.apache.maven.surefire.testng.TestNGXmlTestSuite.execute(TestNGXmlTestSuite.java:75)
      	at org.apache.maven.surefire.testng.TestNGProvider.invoke(TestNGProvider.java:121)
      	at org.apache.maven.surefire.booter.ForkedBooter.invokeProviderInSameClassLoader(ForkedBooter.java:290)
      	at org.apache.maven.surefire.booter.ForkedBooter.runSuitesInProcess(ForkedBooter.java:242)
      	at org.apache.maven.surefire.booter.ForkedBooter.main(ForkedBooter.java:121)

    And Click on "Publish"                                                 # UserManagement.click(String)
      cucumber.runtime.AmbiguousStepDefinitionsException: ?.And Click on "Publish"(ContentCreationIqtisadBulletin.feature:17) matches more than one step definition:
        Click  in UserManagement.click(String)
        Click on "([^"]*)" in ContentCreation.clickOn(String)
      
      	at cucumber.runtime.RuntimeGlue.stepDefinitionMatch(RuntimeGlue.java:71)
      	at cucumber.runtime.Runtime.runStep(Runtime.java:267)
      	at cucumber.runtime.model.StepContainer.runStep(StepContainer.java:44)
      	at cucumber.runtime.model.StepContainer.runSteps(StepContainer.java:39)
      	at cucumber.runtime.model.CucumberScenario.run(CucumberScenario.java:44)
      	at cucumber.runtime.model.CucumberFeature.run(CucumberFeature.java:165)
      	at cucumber.api.testng.TestNGCucumberRunner.runCucumber(TestNGCucumberRunner.java:63)
      	at cucumber.api.testng.AbstractTestNGCucumberTests.feature(AbstractTestNGCucumberTests.java:21)
      	at sun.reflect.NativeMethodAccessorImpl.invoke0(Native Method)
      	at sun.reflect.NativeMethodAccessorImpl.invoke(NativeMethodAccessorImpl.java:62)
      	at sun.reflect.DelegatingMethodAccessorImpl.invoke(DelegatingMethodAccessorImpl.java:43)
      	at java.lang.reflect.Method.invoke(Method.java:498)
      	at org.testng.internal.MethodInvocationHelper.invokeMethod(MethodInvocationHelper.java:134)
      	at org.testng.internal.TestInvoker.invokeMethod(TestInvoker.java:597)
      	at org.testng.internal.TestInvoker.invokeTestMethod(TestInvoker.java:173)
      	at org.testng.internal.MethodRunner.runInSequence(MethodRunner.java:46)
      	at org.testng.internal.TestInvoker$MethodInvocationAgent.invoke(TestInvoker.java:816)
      	at org.testng.internal.TestInvoker.invokeTestMethods(TestInvoker.java:146)
      	at org.testng.internal.TestMethodWorker.invokeTestMethods(TestMethodWorker.java:146)
      	at org.testng.internal.TestMethodWorker.run(TestMethodWorker.java:128)
      	at java.util.ArrayList.forEach(ArrayList.java:1257)
      	at org.testng.TestRunner.privateRun(TestRunner.java:766)
      	at org.testng.TestRunner.run(TestRunner.java:587)
      	at org.testng.SuiteRunner.runTest(SuiteRunner.java:384)
      	at org.testng.SuiteRunner.runSequentially(SuiteRunner.java:378)
      	at org.testng.SuiteRunner.privateRun(SuiteRunner.java:337)
      	at org.testng.SuiteRunner.run(SuiteRunner.java:286)
      	at org.testng.SuiteRunnerWorker.runSuite(SuiteRunnerWorker.java:53)
      	at org.testng.SuiteRunnerWorker.run(SuiteRunnerWorker.java:96)
      	at org.testng.TestNG.runSuitesSequentially(TestNG.java:1187)
      	at org.testng.TestNG.runSuitesLocally(TestNG.java:1109)
      	at org.testng.TestNG.runSuites(TestNG.java:1039)
      	at org.testng.TestNG.run(TestNG.java:1007)
      	at org.apache.maven.surefire.testng.TestNGExecutor.run(TestNGExecutor.java:281)
      	at org.apache.maven.surefire.testng.TestNGXmlTestSuite.execute(TestNGXmlTestSuite.java:75)
      	at org.apache.maven.surefire.testng.TestNGProvider.invoke(TestNGProvider.java:121)
      	at org.apache.maven.surefire.booter.ForkedBooter.invokeProviderInSameClassLoader(ForkedBooter.java:290)
      	at org.apache.maven.surefire.booter.ForkedBooter.runSuitesInProcess(ForkedBooter.java:242)
      	at org.apache.maven.surefire.booter.ForkedBooter.main(ForkedBooter.java:121)

    And Verify "Iqtisad Bulletin" is published                             # ContentCreation.verifyIsPublished(String)
]]></system-out>
    <system-err><![CDATA[SLF4J: Class path contains multiple SLF4J bindings.
SLF4J: Found binding in [jar:file:/C:/Users/Sandeep%20Singh/.m2/repository/org/slf4j/slf4j-jdk14/1.7.19/slf4j-jdk14-1.7.19.jar!/org/slf4j/impl/StaticLoggerBinder.class]
SLF4J: Found binding in [jar:file:/C:/Users/Sandeep%20Singh/.m2/repository/ch/qos/logback/logback-classic/1.2.3/logback-classic-1.2.3.jar!/org/slf4j/impl/StaticLoggerBinder.class]
SLF4J: See http://www.slf4j.org/codes.html#multiple_bindings for an explanation.
SLF4J: Actual binding is of type [org.slf4j.impl.JDK14LoggerFactory]
May 30, 2023 2:08:30 PM io.github.bonigarcia.wdm.WebDriverManager detectDriverVersionFromBrowser
INFO: Using chromedriver 113.0.5672.63 (since Google Chrome 113 is installed in your machine)
May 30, 2023 2:08:30 PM io.github.bonigarcia.wdm.WebDriverManager exportDriver
INFO: Exporting webdriver.chrome.driver as C:\Users\Sandeep Singh\.m2\repository\webdriver\chromedriver\win32\113.0.5672.63\chromedriver.exe
Starting ChromeDriver 113.0.5672.63 (0e1a4471d5ae5bf128b1bd8f4d627c8cbd55f70c-refs/branch-heads/5672@{#912}) on port 47764
Only local connections are allowed.
Please see https://chromedriver.chromium.org/security-considerations for suggestions on keeping ChromeDriver safe.
ChromeDriver was started successfully.
May 30, 2023 2:08:32 PM org.openqa.selenium.remote.ProtocolHandshake createSession
INFO: Detected dialect: W3C
]]></system-err>
  </testcase>
  <testcase name="feature" classname="runner.MyTestRunner" time="36.368">
    <failure message="cucumber.runtime.AmbiguousStepDefinitionsException: ✽.And Click on &quot;Approve&quot;(StaticPageCreation.feature:13) matches more than one step definition:&#10;  Click  in UserManagement.click(String)&#10;  Click on &quot;([^&quot;]*)&quot; in ContentCreation.clickOn(String)&#10;" type="cucumber.runtime.CucumberException">cucumber.runtime.CucumberException: 
cucumber.runtime.AmbiguousStepDefinitionsException: ✽.And Click on "Approve"(StaticPageCreation.feature:13) matches more than one step definition:
  Click  in UserManagement.click(String)
  Click on "([^"]*)" in ContentCreation.clickOn(String)

Caused by: cucumber.runtime.AmbiguousStepDefinitionsException: 
✽.And Click on "Approve"(StaticPageCreation.feature:13) matches more than one step definition:
  Click  in UserManagement.click(String)
  Click on "([^"]*)" in ContentCreation.clickOn(String)

</failure>
    <system-out><![CDATA[@StaticPage @CMS
Feature: StaticPage
	LOG-: [
+----------------------------------------------------------------------------------------------------------------------------+ -  2023-05-30 14:09:27 PM] 
- 
+----------------------------------------------------------------------------------------------------------------------------+
- 
+----------------------------------------------------------------------------------------------------------------------------+
	LOG-: [Test Started: CMS051 Create Static Page -  2023-05-30 14:09:27 PM] 
- Test Started: CMS051 Create Static Page
- Test Started: CMS051 Create Static Page
	LOG-: [Test is executed in Environment: Local -  2023-05-30 14:09:27 PM] 
- Test is executed in Environment: Local
- Test is executed in Environment: Local
	LOG-: [Test is started with browser: CHROME -  2023-05-30 14:09:27 PM] 
- Test is started with browser: CHROME
- Test is started with browser: CHROME
	LOG-: [CHROME : Browser Launched and Maximized. -  2023-05-30 14:09:29 PM] 
- CHROME : Browser Launched and Maximized.
- CHROME : Browser Launched and Maximized.
	LOG-: [User is navigated to URL: https://uatcms.webdev.skynewsarabia.com/publisher/login -  2023-05-30 14:09:29 PM] 
- User is navigated to URL: https://uatcms.webdev.skynewsarabia.com/publisher/login
- User is navigated to URL: https://uatcms.webdev.skynewsarabia.com/publisher/login
Sky News Arabia login
	LOG-: [Input Text: sysadmin - By.xpath: //input[@id='username'] -  2023-05-30 14:09:34 PM] 
- Input Text: sysadmin - By.xpath: //input[@id='username']
- Input Text: sysadmin - By.xpath: //input[@id='username']
	LOG-: [Input Text: F00bar - By.xpath: //input[@id='password'] -  2023-05-30 14:09:35 PM] 
- Input Text: F00bar - By.xpath: //input[@id='password']
- Input Text: F00bar - By.xpath: //input[@id='password']
ExecutionReports\Screenshots\ScreenShot_1685435975243.png
	LOG-: [Click: By.xpath: //input[@id='login.submit'] -  2023-05-30 14:09:37 PM] 
- Click: By.xpath: //input[@id='login.submit']
- Click: By.xpath: //input[@id='login.submit']
	LOG-: [Click: By.xpath: //a[text()='Static Page'] -  2023-05-30 14:09:46 PM] 
- Click: By.xpath: //a[text()='Static Page']
- Click: By.xpath: //a[text()='Static Page']
	LOG-: [Click: By.xpath: //a[text()='Static Page'] -  2023-05-30 14:09:51 PM] 
- Click: By.xpath: //a[text()='Static Page']
- Click: By.xpath: //a[text()='Static Page']
GHJ
	LOG-: [Click: By.xpath: //a[text()='Search'] -  2023-05-30 14:09:52 PM] 
- Click: By.xpath: //a[text()='Search']
- Click: By.xpath: //a[text()='Search']
	LOG-: [Click: By.xpath: //a[text()='Advanced']/../..//input[@value='Reset'] -  2023-05-30 14:09:52 PM] 
- Click: By.xpath: //a[text()='Advanced']/../..//input[@value='Reset']
- Click: By.xpath: //a[text()='Advanced']/../..//input[@value='Reset']
	LOG-: [Click: By.xpath: //a[text()='Advanced'] -  2023-05-30 14:09:52 PM] 
- Click: By.xpath: //a[text()='Advanced']
- Click: By.xpath: //a[text()='Advanced']
	LOG-: [Click: By.xpath: //label[text()='Image Set']/preceding-sibling::input -  2023-05-30 14:09:52 PM] 
- Click: By.xpath: //label[text()='Image Set']/preceding-sibling::input
- Click: By.xpath: //label[text()='Image Set']/preceding-sibling::input
	LOG-: [Click: By.xpath: //label[text()='Published']/preceding-sibling::input -  2023-05-30 14:09:52 PM] 
- Click: By.xpath: //label[text()='Published']/preceding-sibling::input
- Click: By.xpath: //label[text()='Published']/preceding-sibling::input
	LOG-: [Click: By.xpath: //a[text()='Advanced']/../..//input[@value='Search'] -  2023-05-30 14:09:52 PM] 
- Click: By.xpath: //a[text()='Advanced']/../..//input[@value='Search']
- Click: By.xpath: //a[text()='Advanced']/../..//input[@value='Search']
ExecutionReports\Screenshots\ScreenShot_1685435993744.png
in staticccccccc module
ExecutionReports\Screenshots\ScreenShot_1685435996534.png
	LOG-: [Input Text: testing - By.xpath: (//label[text()='Display Name']/following-sibling::input) -  2023-05-30 14:09:58 PM] 
- Input Text: testing - By.xpath: (//label[text()='Display Name']/following-sibling::input)
- Input Text: testing - By.xpath: (//label[text()='Display Name']/following-sibling::input)
	LOG-: [Input Text: test - By.xpath: //label[text()='TAGS']/following-sibling::div/input -  2023-05-30 14:09:58 PM] 
- Input Text: test - By.xpath: //label[text()='TAGS']/following-sibling::div/input
- Input Text: test - By.xpath: //label[text()='TAGS']/following-sibling::div/input
	LOG-: [Click: By.xpath: //ul[@id='tagSuggestionList']/li[1] -  2023-05-30 14:09:59 PM] 
- Click: By.xpath: //ul[@id='tagSuggestionList']/li[1]
- Click: By.xpath: //ul[@id='tagSuggestionList']/li[1]
	LOG-: [Click : By.id: trends -  2023-05-30 14:09:59 PM] 
- Click : By.id: trends
- Click : By.id: trends
	LOG-: [Input Text: ??? ?????? ??????.. ?? ??? "??????? ?????" ?????????? - By.xpath: //label[text()='Description']/following-sibling::textarea -  2023-05-30 14:09:59 PM] 
- Input Text: ??? ?????? ??????.. ?? ??? "??????? ?????" ?????????? - By.xpath: //label[text()='Description']/following-sibling::textarea
- Input Text: ??? ?????? ??????.. ?? ??? "??????? ?????" ?????????? - By.xpath: //label[text()='Description']/following-sibling::textarea
	LOG-: [Input Text: ???? ???? ????? - By.xpath: //label[text()='Meta Description (Google Search Keyword)']/following-sibling::textarea -  2023-05-30 14:10:00 PM] 
- Input Text: ???? ???? ????? - By.xpath: //label[text()='Meta Description (Google Search Keyword)']/following-sibling::textarea
- Input Text: ???? ???? ????? - By.xpath: //label[text()='Meta Description (Google Search Keyword)']/following-sibling::textarea
	LOG-: [Input Text: ???? ????? ?? ???? ?????? ?? ???? ??????? ???? ??? ??? ???????? ??? ????? ??????? ?????? ?? ???????????? ??????? ???????? ????? ???? ?????? ?????? ??????
???? ?? ????? ?? ??? ??? ?? ???? ??????? ????? 12 ?????? ???? ????? ????? 2023? ??? ???? ????? ???? ??? 1.5 ????? ???? ????? 1.34 ????? ????? ????? ??? ????? ??? ????? ?????? ????????? ????????. - By.xpath: //body[@id='tinymce']/p -  2023-05-30 14:10:00 PM] 
- Input Text: ???? ????? ?? ???? ?????? ?? ???? ??????? ???? ??? ??? ???????? ??? ????? ??????? ?????? ?? ???????????? ??????? ???????? ????? ???? ?????? ?????? ??????
???? ?? ????? ?? ??? ??? ?? ???? ??????? ????? 12 ?????? ???? ????? ????? 2023? ??? ???? ????? ???? ??? 1.5 ????? ???? ????? 1.34 ????? ????? ????? ??? ????? ??? ????? ?????? ????????? ????????. - By.xpath: //body[@id='tinymce']/p
- Input Text: ???? ????? ?? ???? ?????? ?? ???? ??????? ???? ??? ??? ???????? ??? ????? ??????? ?????? ?? ???????????? ??????? ???????? ????? ???? ?????? ?????? ??????
???? ?? ????? ?? ??? ??? ?? ???? ??????? ????? 12 ?????? ???? ????? ????? 2023? ??? ???? ????? ???? ??? 1.5 ????? ???? ????? 1.34 ????? ????? ????? ??? ????? ??? ????? ?????? ????????? ????????. - By.xpath: //body[@id='tinymce']/p
ExecutionReports\FailedScreenshots\ScreenShot_1685436001098.png

  @CMS051 @StaticPage @P1 @Web
  Scenario: CMS051 Create Static Page                  # StaticPageCreation.feature:5
    Given Launch "CMS" website                         # Login.navigateToURL(String)
    When Login with "CMS" username and password        # Login.loginWith(String)
    And Navigate to "Create" > "Static Page"           # Navigation.loginWith(String,String)
    And Search "Published" "Image Set"                 # ContentCreation.search(String,String)
    And Drag "Image Set" and drop at "Media Assets"    # StaticPage.dragAndDropAt(String,String)
    And Upload "Static Sample Image" file              # ContentCreation.uploadFiles(String)
    And And Create Static Page using "Testdata_CMS051" # StaticPage.CreateStaticPageUsingTestData(String)
    And Click on "Approve"                             # UserManagement.click(String)
      cucumber.runtime.AmbiguousStepDefinitionsException: ?.And Click on "Approve"(StaticPageCreation.feature:13) matches more than one step definition:
        Click  in UserManagement.click(String)
        Click on "([^"]*)" in ContentCreation.clickOn(String)
      
      	at cucumber.runtime.RuntimeGlue.stepDefinitionMatch(RuntimeGlue.java:71)
      	at cucumber.runtime.Runtime.runStep(Runtime.java:267)
      	at cucumber.runtime.model.StepContainer.runStep(StepContainer.java:44)
      	at cucumber.runtime.model.StepContainer.runSteps(StepContainer.java:39)
      	at cucumber.runtime.model.CucumberScenario.run(CucumberScenario.java:44)
      	at cucumber.runtime.model.CucumberFeature.run(CucumberFeature.java:165)
      	at cucumber.api.testng.TestNGCucumberRunner.runCucumber(TestNGCucumberRunner.java:63)
      	at cucumber.api.testng.AbstractTestNGCucumberTests.feature(AbstractTestNGCucumberTests.java:21)
      	at sun.reflect.NativeMethodAccessorImpl.invoke0(Native Method)
      	at sun.reflect.NativeMethodAccessorImpl.invoke(NativeMethodAccessorImpl.java:62)
      	at sun.reflect.DelegatingMethodAccessorImpl.invoke(DelegatingMethodAccessorImpl.java:43)
      	at java.lang.reflect.Method.invoke(Method.java:498)
      	at org.testng.internal.MethodInvocationHelper.invokeMethod(MethodInvocationHelper.java:134)
      	at org.testng.internal.TestInvoker.invokeMethod(TestInvoker.java:597)
      	at org.testng.internal.TestInvoker.invokeTestMethod(TestInvoker.java:173)
      	at org.testng.internal.MethodRunner.runInSequence(MethodRunner.java:46)
      	at org.testng.internal.TestInvoker$MethodInvocationAgent.invoke(TestInvoker.java:816)
      	at org.testng.internal.TestInvoker.invokeTestMethods(TestInvoker.java:146)
      	at org.testng.internal.TestMethodWorker.invokeTestMethods(TestMethodWorker.java:146)
      	at org.testng.internal.TestMethodWorker.run(TestMethodWorker.java:128)
      	at java.util.ArrayList.forEach(ArrayList.java:1257)
      	at org.testng.TestRunner.privateRun(TestRunner.java:766)
      	at org.testng.TestRunner.run(TestRunner.java:587)
      	at org.testng.SuiteRunner.runTest(SuiteRunner.java:384)
      	at org.testng.SuiteRunner.runSequentially(SuiteRunner.java:378)
      	at org.testng.SuiteRunner.privateRun(SuiteRunner.java:337)
      	at org.testng.SuiteRunner.run(SuiteRunner.java:286)
      	at org.testng.SuiteRunnerWorker.runSuite(SuiteRunnerWorker.java:53)
      	at org.testng.SuiteRunnerWorker.run(SuiteRunnerWorker.java:96)
      	at org.testng.TestNG.runSuitesSequentially(TestNG.java:1187)
      	at org.testng.TestNG.runSuitesLocally(TestNG.java:1109)
      	at org.testng.TestNG.runSuites(TestNG.java:1039)
      	at org.testng.TestNG.run(TestNG.java:1007)
      	at org.apache.maven.surefire.testng.TestNGExecutor.run(TestNGExecutor.java:281)
      	at org.apache.maven.surefire.testng.TestNGXmlTestSuite.execute(TestNGXmlTestSuite.java:75)
      	at org.apache.maven.surefire.testng.TestNGProvider.invoke(TestNGProvider.java:121)
      	at org.apache.maven.surefire.booter.ForkedBooter.invokeProviderInSameClassLoader(ForkedBooter.java:290)
      	at org.apache.maven.surefire.booter.ForkedBooter.runSuitesInProcess(ForkedBooter.java:242)
      	at org.apache.maven.surefire.booter.ForkedBooter.main(ForkedBooter.java:121)

    And Click on "Publish"                             # UserManagement.click(String)
      cucumber.runtime.AmbiguousStepDefinitionsException: ?.And Click on "Publish"(StaticPageCreation.feature:14) matches more than one step definition:
        Click  in UserManagement.click(String)
        Click on "([^"]*)" in ContentCreation.clickOn(String)
      
      	at cucumber.runtime.RuntimeGlue.stepDefinitionMatch(RuntimeGlue.java:71)
      	at cucumber.runtime.Runtime.runStep(Runtime.java:267)
      	at cucumber.runtime.model.StepContainer.runStep(StepContainer.java:44)
      	at cucumber.runtime.model.StepContainer.runSteps(StepContainer.java:39)
      	at cucumber.runtime.model.CucumberScenario.run(CucumberScenario.java:44)
      	at cucumber.runtime.model.CucumberFeature.run(CucumberFeature.java:165)
      	at cucumber.api.testng.TestNGCucumberRunner.runCucumber(TestNGCucumberRunner.java:63)
      	at cucumber.api.testng.AbstractTestNGCucumberTests.feature(AbstractTestNGCucumberTests.java:21)
      	at sun.reflect.NativeMethodAccessorImpl.invoke0(Native Method)
      	at sun.reflect.NativeMethodAccessorImpl.invoke(NativeMethodAccessorImpl.java:62)
      	at sun.reflect.DelegatingMethodAccessorImpl.invoke(DelegatingMethodAccessorImpl.java:43)
      	at java.lang.reflect.Method.invoke(Method.java:498)
      	at org.testng.internal.MethodInvocationHelper.invokeMethod(MethodInvocationHelper.java:134)
      	at org.testng.internal.TestInvoker.invokeMethod(TestInvoker.java:597)
      	at org.testng.internal.TestInvoker.invokeTestMethod(TestInvoker.java:173)
      	at org.testng.internal.MethodRunner.runInSequence(MethodRunner.java:46)
      	at org.testng.internal.TestInvoker$MethodInvocationAgent.invoke(TestInvoker.java:816)
      	at org.testng.internal.TestInvoker.invokeTestMethods(TestInvoker.java:146)
      	at org.testng.internal.TestMethodWorker.invokeTestMethods(TestMethodWorker.java:146)
      	at org.testng.internal.TestMethodWorker.run(TestMethodWorker.java:128)
      	at java.util.ArrayList.forEach(ArrayList.java:1257)
      	at org.testng.TestRunner.privateRun(TestRunner.java:766)
      	at org.testng.TestRunner.run(TestRunner.java:587)
      	at org.testng.SuiteRunner.runTest(SuiteRunner.java:384)
      	at org.testng.SuiteRunner.runSequentially(SuiteRunner.java:378)
      	at org.testng.SuiteRunner.privateRun(SuiteRunner.java:337)
      	at org.testng.SuiteRunner.run(SuiteRunner.java:286)
      	at org.testng.SuiteRunnerWorker.runSuite(SuiteRunnerWorker.java:53)
      	at org.testng.SuiteRunnerWorker.run(SuiteRunnerWorker.java:96)
      	at org.testng.TestNG.runSuitesSequentially(TestNG.java:1187)
      	at org.testng.TestNG.runSuitesLocally(TestNG.java:1109)
      	at org.testng.TestNG.runSuites(TestNG.java:1039)
      	at org.testng.TestNG.run(TestNG.java:1007)
      	at org.apache.maven.surefire.testng.TestNGExecutor.run(TestNGExecutor.java:281)
      	at org.apache.maven.surefire.testng.TestNGXmlTestSuite.execute(TestNGXmlTestSuite.java:75)
      	at org.apache.maven.surefire.testng.TestNGProvider.invoke(TestNGProvider.java:121)
      	at org.apache.maven.surefire.booter.ForkedBooter.invokeProviderInSameClassLoader(ForkedBooter.java:290)
      	at org.apache.maven.surefire.booter.ForkedBooter.runSuitesInProcess(ForkedBooter.java:242)
      	at org.apache.maven.surefire.booter.ForkedBooter.main(ForkedBooter.java:121)

    And Verify "Static Page" is published              # ContentCreation.verifyIsPublished(String)
]]></system-out>
    <system-err><![CDATA[May 30, 2023 2:09:27 PM io.github.bonigarcia.wdm.WebDriverManager detectDriverVersionFromBrowser
INFO: Using chromedriver 113.0.5672.63 (since Google Chrome 113 is installed in your machine)
May 30, 2023 2:09:27 PM io.github.bonigarcia.wdm.WebDriverManager exportDriver
INFO: Exporting webdriver.chrome.driver as C:\Users\Sandeep Singh\.m2\repository\webdriver\chromedriver\win32\113.0.5672.63\chromedriver.exe
Starting ChromeDriver 113.0.5672.63 (0e1a4471d5ae5bf128b1bd8f4d627c8cbd55f70c-refs/branch-heads/5672@{#912}) on port 14028
Only local connections are allowed.
Please see https://chromedriver.chromium.org/security-considerations for suggestions on keeping ChromeDriver safe.
ChromeDriver was started successfully.
May 30, 2023 2:09:29 PM org.openqa.selenium.remote.ProtocolHandshake createSession
INFO: Detected dialect: W3C
]]></system-err>
  </testcase>
</testsuite>