<?xml version="1.0" encoding="UTF-8"?>
<testsuite xmlns:xsi="http://www.w3.org/2001/XMLSchema-instance" xsi:schemaLocation="https://maven.apache.org/surefire/maven-surefire-plugin/xsd/surefire-test-report.xsd" name="TestSuite" time="14.048" tests="1" errors="0" skipped="0" failures="1">
  <properties>
[...]
</properties>
  <testcase name="feature" classname="runner.MyTestRunner" time="11.543">
    <failure message="java.lang.AssertionError: expected [true] but found [false]" type="cucumber.runtime.CucumberException">cucumber.runtime.CucumberException: java.lang.AssertionError: expected [true] but found [false]
Caused by: java.lang.AssertionError: expected [true] but found [false]
</failure>
    <system-out><![CDATA[chrome
	LOG-: [

+===========================================================================================================+ -  2023-08-28 17:33:47 PM] 
- 

+===========================================================================================================+
- 

+===========================================================================================================+
	LOG-: [ Suite started at Mon Aug 28 17:33:47 IST 2023 -  2023-08-28 17:33:47 PM] 
-  Suite started at Mon Aug 28 17:33:47 IST 2023
-  Suite started at Mon Aug 28 17:33:47 IST 2023
	LOG-: [Suite Execution For Web application on environment : Local -  2023-08-28 17:33:47 PM] 
- Suite Execution For Web application on environment : Local
- Suite Execution For Web application on environment : Local
	LOG-: [Suite Execution For Android mobile application on version: 10.0 -  2023-08-28 17:33:47 PM] 
- Suite Execution For Android mobile application on version: 10.0
- Suite Execution For Android mobile application on version: 10.0
	LOG-: [Suite Execution For RestAPI on URL: https://gorest.co.in/public-api/users -  2023-08-28 17:33:47 PM] 
- Suite Execution For RestAPI on URL: https://gorest.co.in/public-api/users
- Suite Execution For RestAPI on URL: https://gorest.co.in/public-api/users
	LOG-: [

+===========================================================================================================+ -  2023-08-28 17:33:47 PM] 
- 

+===========================================================================================================+
- 

+===========================================================================================================+
@SignUp @RegistrationRevamp
Feature: SignUp
	LOG-: [
+----------------------------------------------------------------------------------------------------------------------------+ -  2023-08-28 17:33:47 PM] 
- 
+----------------------------------------------------------------------------------------------------------------------------+
- 
+----------------------------------------------------------------------------------------------------------------------------+
	LOG-: [Test Started: Verify error message for name text field while entering single character -  2023-08-28 17:33:47 PM] 
- Test Started: Verify error message for name text field while entering single character
- Test Started: Verify error message for name text field while entering single character
	LOG-: [Test is executed in Environment: Local -  2023-08-28 17:33:47 PM] 
- Test is executed in Environment: Local
- Test is executed in Environment: Local
	LOG-: [Test is started with browser: chrome -  2023-08-28 17:33:47 PM] 
- Test is started with browser: chrome
- Test is started with browser: chrome
	LOG-: [chrome : Browser Launched and Maximized. -  2023-08-28 17:33:49 PM] 
- chrome : Browser Launched and Maximized.
- chrome : Browser Launched and Maximized.
	LOG-: [User is navigated to URL: https://www.careers360.com/ -  2023-08-28 17:33:49 PM] 
- User is navigated to URL: https://www.careers360.com/
- User is navigated to URL: https://www.careers360.com/
Careers360: Explore Exams, Colleges, Courses and Latest News about Education
	LOG-: [Click: By.xpath: //a[text()='Login'] -  2023-08-28 17:33:50 PM] 
- Click: By.xpath: //a[text()='Login']
- Click: By.xpath: //a[text()='Login']
ExecutionReports\Screenshots\ScreenShot_1693224232930.png
	LOG-: [Input Text: a - By.xpath: //label[contains(text(),'Name')]/following-sibling::input -  2023-08-28 17:33:55 PM] 
- Input Text: a - By.xpath: //label[contains(text(),'Name')]/following-sibling::input
- Input Text: a - By.xpath: //label[contains(text(),'Name')]/following-sibling::input
	LOG-: [Click: By.xpath: //button[contains(text(),'SIGN UP')] -  2023-08-28 17:33:56 PM] 
- Click: By.xpath: //button[contains(text(),'SIGN UP')]
- Click: By.xpath: //button[contains(text(),'SIGN UP')]
	LOG-: [Get Element text: By.xpath: //label[contains(text(),'Name')]/parent::div/span -  2023-08-28 17:33:56 PM] 
- Get Element text: By.xpath: //label[contains(text(),'Name')]/parent::div/span
- Get Element text: By.xpath: //label[contains(text(),'Name')]/parent::div/span
ExecutionReports\FailedScreenshots\ScreenShot_1693224236910.png

  @SignUp @RR001 @Web
  Scenario: Verify error message for name text field while entering single character # SignUp.feature:5
    Given Launch "Careers360" website                                                # Login.navigateToURL(String)
    And click on "Login"                                                             # HomePage.clickOnLabels(String)
    And enter signup details for "RR001" account                                     # SignUp.enterSignupDetailsForAccount(String)
    And clicked on "SIGN UP" button                                                  # SignUp.clickedOnButtonLabel(String)
    And validate error message associated to "Name" field for "RR001"                # SignUp.validateErrorMessageAssociatedToFieldFor(String,String)
      java.lang.AssertionError: expected [true] but found [false]
      	at org.testng.Assert.fail(Assert.java:97)
      	at org.testng.Assert.failNotEquals(Assert.java:969)
      	at org.testng.Assert.assertTrue(Assert.java:43)
      	at org.testng.Assert.assertTrue(Assert.java:53)
      	at stepDefinitions.SignUp.SignUp.validateErrorMessageAssociatedToFieldFor(SignUp.java:29)
      	at ?.And validate error message associated to "Name" field for "RR001"(SignUp.feature:10)

]]></system-out>
    <system-err><![CDATA[SLF4J: Class path contains multiple SLF4J bindings.
SLF4J: Found binding in [jar:file:/C:/Users/Kashish%20Vashistha/.m2/repository/org/slf4j/slf4j-nop/1.7.28/slf4j-nop-1.7.28.jar!/org/slf4j/impl/StaticLoggerBinder.class]
SLF4J: Found binding in [jar:file:/C:/Users/Kashish%20Vashistha/.m2/repository/org/slf4j/slf4j-jdk14/1.7.19/slf4j-jdk14-1.7.19.jar!/org/slf4j/impl/StaticLoggerBinder.class]
SLF4J: Found binding in [jar:file:/C:/Users/Kashish%20Vashistha/.m2/repository/ch/qos/logback/logback-classic/1.2.3/logback-classic-1.2.3.jar!/org/slf4j/impl/StaticLoggerBinder.class]
SLF4J: See http://www.slf4j.org/codes.html#multiple_bindings for an explanation.
SLF4J: Actual binding is of type [org.slf4j.helpers.NOPLoggerFactory]
Starting ChromeDriver 116.0.5845.96 (1a391816688002153ef791ffe60d9e899a71a037-refs/branch-heads/5845@{#1382}) on port 18636
Only local connections are allowed.
Please see https://chromedriver.chromium.org/security-considerations for suggestions on keeping ChromeDriver safe.
ChromeDriver was started successfully.
Aug 28, 2023 5:33:49 PM org.openqa.selenium.remote.ProtocolHandshake createSession
INFO: Detected dialect: W3C
]]></system-err>
  </testcase>
</testsuite>