<?xml version="1.0" encoding="UTF-8"?>
<testng-results ignored="0" total="1" passed="0" failed="1" skipped="0">
  <reporter-output>
  </reporter-output>
  <suite started-at="2023-08-28T17:33:46 IST" name="Cucumber Suite1" finished-at="2023-08-28T17:34:00 IST" duration-ms="13407">
    <groups>
      <group name="cucumber">
        <method signature="AbstractTestNGCucumberTests.feature(cucumber.api.testng.CucumberFeatureWrapper)[pri:0, instance:runner.MyTestRunner@496bc455]" name="feature" class="cucumber.api.testng.AbstractTestNGCucumberTests"/>
      </group> <!-- cucumber -->
    </groups>
    <test started-at="2023-08-28T17:33:46 IST" name="Cucumeber Test" finished-at="2023-08-28T17:34:00 IST" duration-ms="13407">
      <class name="runner.MyTestRunner">
        <test-method is-config="true" signature="directoryCleanUp()[pri:0, instance:runner.MyTestRunner@496bc455]" started-at="2023-08-28T17:33:46 IST" name="directoryCleanUp" finished-at="2023-08-28T17:33:46 IST" duration-ms="26" status="PASS">
          <reporter-output>
          </reporter-output>
        </test-method> <!-- directoryCleanUp -->
        <test-method is-config="true" signature="setUpClass()[pri:0, instance:runner.MyTestRunner@496bc455]" started-at="2023-08-28T17:33:46 IST" name="setUpClass" finished-at="2023-08-28T17:33:47 IST" duration-ms="205" status="PASS">
          <reporter-output>
          </reporter-output>
        </test-method> <!-- setUpClass -->
        <test-method is-config="true" signature="onStart()[pri:0, instance:runner.MyTestRunner@496bc455]" started-at="2023-08-28T17:33:47 IST" name="onStart" finished-at="2023-08-28T17:33:47 IST" duration-ms="706" status="PASS">
          <reporter-output>
          </reporter-output>
        </test-method> <!-- onStart -->
        <test-method signature="feature(cucumber.api.testng.CucumberFeatureWrapper)[pri:0, instance:runner.MyTestRunner@496bc455]" started-at="2023-08-28T17:33:47 IST" name="feature" description="Runs Cucumber Feature" data-provider="features" finished-at="2023-08-28T17:33:59 IST" duration-ms="11523" status="FAIL">
          <params>
            <param index="0">
              <value>
                <![CDATA[SignUp]]>
              </value>
            </param>
          </params>
          <exception class="cucumber.runtime.CucumberException">
            <message>
              <![CDATA[java.lang.AssertionError: expected [true] but found [false]]]>
            </message>
            <full-stacktrace>
              <![CDATA[cucumber.runtime.CucumberException: java.lang.AssertionError: expected [true] but found [false]
at cucumber.api.testng.TestNGCucumberRunner.runCucumber(TestNGCucumberRunner.java:69)
at cucumber.api.testng.AbstractTestNGCucumberTests.feature(AbstractTestNGCucumberTests.java:21)
at java.base/jdk.internal.reflect.NativeMethodAccessorImpl.invoke0(Native Method)
at java.base/jdk.internal.reflect.NativeMethodAccessorImpl.invoke(NativeMethodAccessorImpl.java:62)
at java.base/jdk.internal.reflect.DelegatingMethodAccessorImpl.invoke(DelegatingMethodAccessorImpl.java:43)
at java.base/java.lang.reflect.Method.invoke(Method.java:566)
at org.testng.internal.MethodInvocationHelper.invokeMethod(MethodInvocationHelper.java:134)
at org.testng.internal.TestInvoker.invokeMethod(TestInvoker.java:597)
at org.testng.internal.TestInvoker.invokeTestMethod(TestInvoker.java:173)
at org.testng.internal.MethodRunner.runInSequence(MethodRunner.java:46)
at org.testng.internal.TestInvoker$MethodInvocationAgent.invoke(TestInvoker.java:816)
at org.testng.internal.TestInvoker.invokeTestMethods(TestInvoker.java:146)
at org.testng.internal.TestMethodWorker.invokeTestMethods(TestMethodWorker.java:146)
at org.testng.internal.TestMethodWorker.run(TestMethodWorker.java:128)
at java.base/java.util.ArrayList.forEach(ArrayList.java:1541)
at org.testng.TestRunner.privateRun(TestRunner.java:766)
at org.testng.TestRunner.run(TestRunner.java:587)
at org.testng.SuiteRunner.runTest(SuiteRunner.java:384)
at org.testng.SuiteRunner.runSequentially(SuiteRunner.java:378)
at org.testng.SuiteRunner.privateRun(SuiteRunner.java:337)
at org.testng.SuiteRunner.run(SuiteRunner.java:286)
at org.testng.SuiteRunnerWorker.runSuite(SuiteRunnerWorker.java:53)
at org.testng.SuiteRunnerWorker.run(SuiteRunnerWorker.java:96)
at org.testng.TestNG.runSuitesSequentially(TestNG.java:1187)
at org.testng.TestNG.runSuitesLocally(TestNG.java:1109)
at org.testng.TestNG.runSuites(TestNG.java:1039)
at org.testng.TestNG.run(TestNG.java:1007)
at org.apache.maven.surefire.testng.TestNGExecutor.run(TestNGExecutor.java:281)
at org.apache.maven.surefire.testng.TestNGXmlTestSuite.execute(TestNGXmlTestSuite.java:75)
at org.apache.maven.surefire.testng.TestNGProvider.invoke(TestNGProvider.java:121)
at org.apache.maven.surefire.booter.ForkedBooter.invokeProviderInSameClassLoader(ForkedBooter.java:290)
at org.apache.maven.surefire.booter.ForkedBooter.runSuitesInProcess(ForkedBooter.java:242)
at org.apache.maven.surefire.booter.ForkedBooter.main(ForkedBooter.java:121)
Caused by: java.lang.AssertionError: expected [true] but found [false]
at org.testng.Assert.fail(Assert.java:97)
at org.testng.Assert.failNotEquals(Assert.java:969)
at org.testng.Assert.assertTrue(Assert.java:43)
at org.testng.Assert.assertTrue(Assert.java:53)
at stepDefinitions.SignUp.SignUp.validateErrorMessageAssociatedToFieldFor(SignUp.java:29)
at ✽.And validate error message associated to "Name" field for "RR001"(SignUp.feature:10)
]]>
            </full-stacktrace>
          </exception> <!-- cucumber.runtime.CucumberException -->
          <reporter-output>
          </reporter-output>
        </test-method> <!-- feature -->
        <test-method is-config="true" signature="onFinish()[pri:0, instance:runner.MyTestRunner@496bc455]" started-at="2023-08-28T17:33:59 IST" name="onFinish" finished-at="2023-08-28T17:34:00 IST" duration-ms="855" status="PASS">
          <reporter-output>
          </reporter-output>
        </test-method> <!-- onFinish -->
        <test-method is-config="true" signature="tearDownClass()[pri:0, instance:runner.MyTestRunner@496bc455]" started-at="2023-08-28T17:34:00 IST" name="tearDownClass" finished-at="2023-08-28T17:34:00 IST" duration-ms="23" status="PASS">
          <reporter-output>
          </reporter-output>
        </test-method> <!-- tearDownClass -->
      </class> <!-- runner.MyTestRunner -->
    </test> <!-- Cucumeber Test -->
  </suite> <!-- Cucumber Suite1 -->
</testng-results>
