-------------------------------------------------------------------------------
Test set: TestSuite
-------------------------------------------------------------------------------
Tests run: 2, Failures: 2, Errors: 0, Skipped: 0, Time elapsed: 97.376 sec <<< FAILURE! - in TestSuite
feature(runner.MyTestRunner)  Time elapsed: 57.627 sec  <<< FAILURE!
cucumber.runtime.CucumberException: 
cucumber.runtime.AmbiguousStepDefinitionsException: ?.And Click on "Create"(ContentCreationIqtisadBulletin.feature:15) matches more than one step definition:
  Click  in UserManagement.click(String)
  Click on "([^"]*)" in ContentCreation.clickOn(String)

Caused by: cucumber.runtime.AmbiguousStepDefinitionsException: 
?.And Click on "Create"(ContentCreationIqtisadBulletin.feature:15) matches more than one step definition:
  Click  in UserManagement.click(String)
  Click on "([^"]*)" in ContentCreation.clickOn(String)


feature(runner.MyTestRunner)  Time elapsed: 36.368 sec  <<< FAILURE!
cucumber.runtime.CucumberException: 
cucumber.runtime.AmbiguousStepDefinitionsException: ?.And Click on "Approve"(StaticPageCreation.feature:13) matches more than one step definition:
  Click  in UserManagement.click(String)
  Click on "([^"]*)" in ContentCreation.clickOn(String)

Caused by: cucumber.runtime.AmbiguousStepDefinitionsException: 
?.And Click on "Approve"(StaticPageCreation.feature:13) matches more than one step definition:
  Click  in UserManagement.click(String)
  Click on "([^"]*)" in ContentCreation.clickOn(String)


